WARNING: The return values reported here may be bugged on some systems.
          See https://github.com/gavinfielder/pft/issues/11
          Run in non-fork mode (-X) to ensure accurate return value
          reporting, set IGNORE_RETURN_VALUE=1 in options-config.ini,
          or run test_pipes.sh to see if your system has this bug.
          This bug does not affect the pass/fail result of a test, nor
          the function output--only the reported return value.


Test   6 (pct_basic) : FAILED.
    First line of code: {return test("%%");}
    Timed out

Test   7 (pct_5w) : FAILED.
    First line of code: {return test("%5%");}
      expected return value : 5
      your return value     : 1
      expected output : "    %"
      your output     : "%    "
      expected (nonprintable as hex) : "    %"
      actual   (nonprintable as hex) : "%    "

Test   8 (pct_5wlj) : FAILED.
    First line of code: {return test("%-5%");}
      expected return value : 5
      your return value     : 1
      expected output : "%    "
      your output     : "%    "
      expected (nonprintable as hex) : "%    "
      actual   (nonprintable as hex) : "%    "

Test   9 (pct_5wzp) : FAILED.
    First line of code: {return test("%05%");}
      expected return value : 5
      your return value     : 1
      expected output : "0000%"
      your output     : "%    "
      expected (nonprintable as hex) : "0000%"
      actual   (nonprintable as hex) : "%    "

Test  10 (pct_5wljzp) : FAILED.
    First line of code: {return test("%-05%");}
      expected return value : 5
      your return value     : 1
      expected output : "%    "
      your output     : "%    "
      expected (nonprintable as hex) : "%    "
      actual   (nonprintable as hex) : "%    "

Test  61 (s_null_basic_string_expansion) : FAILED.
    First line of code: {return test("hello, %s.", NULL);}
      expected return value : 15
      your return value     : 7
      expected output : "hello, (null)."
      your output     : "hello, (null)."
      expected (nonprintable as hex) : "hello, (null)."
      actual   (nonprintable as hex) : "hello, (null)."

Test  62 (s_null_only_string_expansion) : FAILED.
    First line of code: {return test("%s", NULL);}
      expected return value : 6
      your return value     : -1
      expected output : "(null)"
      your output     : "(null)"
      expected (nonprintable as hex) : "(null)"
      actual   (nonprintable as hex) : "(null)"

Test  63 (s_null_space_padded_field_width) : FAILED.
    First line of code: {return test("%32s", NULL);}
      expected return value : 35
      your return value     : -1
      expected output : "                          (null)"
      your output     : "(null)"
      expected (nonprintable as hex) : "                          (null)"
      actual   (nonprintable as hex) : "(null)"

Test  64 (s_null_space_padded_over_field_width) : FAILED.
    First line of code: {return test("%2s", NULL);}
      expected return value : 6
      your return value     : -1
      expected output : "(null)"
      your output     : "(null)"
      expected (nonprintable as hex) : "(null)"
      actual   (nonprintable as hex) : "(null)"

Test  65 (s_null_space_padded_field_width_lj) : FAILED.
    First line of code: {return test("%-32s", NULL);}
      expected return value : 35
      your return value     : -1
      expected output : "(null)                          "
      your output     : "(null)"
      expected (nonprintable as hex) : "(null)                          "
      actual   (nonprintable as hex) : "(null)"

Test  66 (s_null_space_padded_field_width2_lj) : FAILED.
    First line of code: {return test("%-16s", NULL);}
      expected return value : 17
      your return value     : -1
      expected output : "(null)          "
      your output     : "(null)"
      expected (nonprintable as hex) : "(null)          "
      actual   (nonprintable as hex) : "(null)"

Test  67 (s_null_space_padded_over_field_width_lj) : FAILED.
    First line of code: {return test("%-3s", NULL);}
      expected return value : 6
      your return value     : -1
      expected output : "(null)"
      your output     : "(null)"
      expected (nonprintable as hex) : "(null)"
      actual   (nonprintable as hex) : "(null)"

Test  79 (s_prec_03_no_width_s_null) : FAILED.
    First line of code: {return test("%.03s", NULL);}
      expected return value : 3
      your return value     : -1
      expected output : "(nu"
      your output     : "(null)"
      expected (nonprintable as hex) : "(nu"
      actual   (nonprintable as hex) : "(null)"

Test  80 (s_prec_09_no_width_s_null) : FAILED.
    First line of code: {return test("%.09s", NULL);}
      expected return value : 6
      your return value     : -1
      expected output : "(null)"
      your output     : "(null)"
      expected (nonprintable as hex) : "(null)"
      actual   (nonprintable as hex) : "(null)"

Test  85 (s_prec_0_width_3_s_hidden) : FAILED.
    First line of code: {return test("%3.s", s_hidden);}
      expected return value : 3
      your return value     : 0
      expected output : "   "
      your output     : ""
      expected (nonprintable as hex) : "   "
      actual   (nonprintable as hex) : ""

Test  86 (s_prec_0_width_10_s_hidden) : FAILED.
    First line of code: {return test("%10.s", s_hidden);}
      expected return value : 11
      your return value     : 0
      expected output : "          "
      your output     : ""
      expected (nonprintable as hex) : "          "
      actual   (nonprintable as hex) : ""

Test  87 (s_prec_0_width_3_s_null) : FAILED.
    First line of code: {return test("%3.s", NULL);}
      expected return value : 3
      your return value     : -1
      expected output : "   "
      your output     : "(null)"
      expected (nonprintable as hex) : "   "
      actual   (nonprintable as hex) : "(null)"

Test  88 (s_prec_0_width_10_s_null) : FAILED.
    First line of code: {return test("%10.s", NULL);}
      expected return value : 11
      your return value     : -1
      expected output : "          "
      your output     : "(null)"
      expected (nonprintable as hex) : "          "
      actual   (nonprintable as hex) : "(null)"

Test  89 (s_prec_0_width_1_s_nullchar) : FAILED.
    First line of code: {return test("%1.s", "
      expected return value : 1
      your return value     : 0
      expected output : " "
      your output     : ""
      expected (nonprintable as hex) : " "
      actual   (nonprintable as hex) : ""

Test  90 (s_prec_0_width_2_s_nullchar) : FAILED.
    First line of code: {return test("%2.s", "
      expected return value : 2
      your return value     : 0
      expected output : "  "
      your output     : ""
      expected (nonprintable as hex) : "  "
      actual   (nonprintable as hex) : ""

Test  91 (s_prec_0_width_9_s_nullchar) : FAILED.
    First line of code: {return test("%9.s", "
      expected return value : 9
      your return value     : 0
      expected output : "         "
      your output     : ""
      expected (nonprintable as hex) : "         "
      actual   (nonprintable as hex) : ""

Test  92 (s_prec_0_lj_width_3_s_hidden) : FAILED.
    First line of code: {return test("%-3.s", s_hidden);}
      expected return value : 3
      your return value     : 0
      expected output : "   "
      your output     : ""
      expected (nonprintable as hex) : "   "
      actual   (nonprintable as hex) : ""

Test  93 (s_prec_0_lj_width_8_s_hidden) : FAILED.
    First line of code: {return test("%-8.s", s_hidden);}
      expected return value : 8
      your return value     : 0
      expected output : "        "
      your output     : ""
      expected (nonprintable as hex) : "        "
      actual   (nonprintable as hex) : ""

Test  94 (s_prec_0_lj_width_3_s_null) : FAILED.
    First line of code: {return test("%-3.s", NULL);}
      expected return value : 3
      your return value     : -1
      expected output : "   "
      your output     : "(null)"
      expected (nonprintable as hex) : "   "
      actual   (nonprintable as hex) : "(null)"

Test  95 (s_prec_0_lj_width_8_s_null) : FAILED.
    First line of code: {return test("%-8.s", NULL);}
      expected return value : 8
      your return value     : -1
      expected output : "        "
      your output     : "(null)"
      expected (nonprintable as hex) : "        "
      actual   (nonprintable as hex) : "(null)"

Test  96 (s_prec_0_lj_width_1_s_nullchar) : FAILED.
    First line of code: {return test("%-1.s", "
      expected return value : 1
      your return value     : 0
      expected output : " "
      your output     : ""
      expected (nonprintable as hex) : " "
      actual   (nonprintable as hex) : ""

Test  97 (s_prec_0_lj_width_2_s_nullchar) : FAILED.
    First line of code: {return test("%-2.s", "
      expected return value : 2
      your return value     : 0
      expected output : "  "
      your output     : ""
      expected (nonprintable as hex) : "  "
      actual   (nonprintable as hex) : ""

Test  98 (s_prec_0_lj_width_6_s_nullchar) : FAILED.
    First line of code: {return test("%-6.s", "
      expected return value : 6
      your return value     : 0
      expected output : "      "
      your output     : ""
      expected (nonprintable as hex) : "      "
      actual   (nonprintable as hex) : ""

Test 101 (s_prec_1_width_3_s_null) : FAILED.
    First line of code: {return test("%3.1s", NULL);}
      expected return value : 3
      your return value     : -1
      expected output : "  ("
      your output     : "(null)"
      expected (nonprintable as hex) : "  ("
      actual   (nonprintable as hex) : "(null)"

Test 102 (s_prec_1_width_9_s_null) : FAILED.
    First line of code: {return test("%9.1s", NULL);}
      expected return value : 9
      your return value     : -1
      expected output : "        ("
      your output     : "(null)"
      expected (nonprintable as hex) : "        ("
      actual   (nonprintable as hex) : "(null)"

Test 105 (s_prec_1_lj_width_3_s_null) : FAILED.
    First line of code: {return test("%-3.1s", NULL);}
      expected return value : 3
      your return value     : -1
      expected output : "(  "
      your output     : "(null)"
      expected (nonprintable as hex) : "(  "
      actual   (nonprintable as hex) : "(null)"

Test 106 (s_prec_1_lj_width_9_s_null) : FAILED.
    First line of code: {return test("%-9.1s", NULL);}
      expected return value : 9
      your return value     : -1
      expected output : "(        "
      your output     : "(null)"
      expected (nonprintable as hex) : "(        "
      actual   (nonprintable as hex) : "(null)"

Test 111 (s_prec_perfect_width_3_s_null) : FAILED.
    First line of code: {return test("%3.6s", NULL);}
      expected return value : 6
      your return value     : -1
      expected output : "(null)"
      your output     : "(null)"
      expected (nonprintable as hex) : "(null)"
      actual   (nonprintable as hex) : "(null)"

Test 112 (s_prec_perfect_width_20_s_null) : FAILED.
    First line of code: {return test("%20.6s", NULL);}
      expected return value : 22
      your return value     : -1
      expected output : "              (null)"
      your output     : "(null)"
      expected (nonprintable as hex) : "              (null)"
      actual   (nonprintable as hex) : "(null)"

Test 119 (s_prec_8_lj_width_3_s_null) : FAILED.
    First line of code: {return test("%-3.8s", NULL);}
      expected return value : 6
      your return value     : -1
      expected output : "(null)"
      your output     : "(null)"
      expected (nonprintable as hex) : "(null)"
      actual   (nonprintable as hex) : "(null)"

Test 120 (s_prec_8_lj_width_10_s_null) : FAILED.
    First line of code: {return test("%-10.8s", NULL);}
      expected return value : 11
      your return value     : -1
      expected output : "(null)    "
      your output     : "(null)"
      expected (nonprintable as hex) : "(null)    "
      actual   (nonprintable as hex) : "(null)"

Test 130 (s_undefbehav_0_width_9) : FAILED.
    First line of code: {return test("%09s", s_hidden);}
      expected return value : 9
      your return value     : 9
      expected output : "000hi low"
      your output     : "   hi low"
      expected (nonprintable as hex) : "000hi low"
      actual   (nonprintable as hex) : "   hi low"

Test 135 (i_basic_i_zero) : FAILED.
    First line of code: {return test("this %i number", 0);}
      expected return value : 14
      your return value     : 13
      expected output : "this 0 number"
      your output     : "this  number"
      expected (nonprintable as hex) : "this 0 number"
      actual   (nonprintable as hex) : "this  number"

Test 138 (i_basic_i_onlyzero) : FAILED.
    First line of code: {return test("%i", 0);}
      expected return value : 1
      your return value     : 0
      expected output : "0"
      your output     : ""
      expected (nonprintable as hex) : "0"
      actual   (nonprintable as hex) : ""

Test 141 (d_basic_zero) : FAILED.
    First line of code: {return test("this %d number", 0);}
      expected return value : 14
      your return value     : 13
      expected output : "this 0 number"
      your output     : "this  number"
      expected (nonprintable as hex) : "this 0 number"
      actual   (nonprintable as hex) : "this  number"

Test 146 (i_width_zero_fits) : FAILED.
    First line of code: {return test("%3i", 0);}
      expected return value : 3
      your return value     : 3
      expected output : "  0"
      your output     : "   "
      expected (nonprintable as hex) : "  0"
      actual   (nonprintable as hex) : "   "

Test 151 (i_width_pos_fits_lj) : FAILED.
    First line of code: {return test("%-7i", 33);}
      expected return value : 7
      your return value     : 5
      expected output : "33     "
      your output     : "33     "
      expected (nonprintable as hex) : "33     "
      actual   (nonprintable as hex) : "33     "

Test 152 (i_width_neg_fits_lj) : FAILED.
    First line of code: {return test("%-7i", -14);}
      expected return value : 7
      your return value     : 4
      expected output : "-14    "
      your output     : "-14    "
      expected (nonprintable as hex) : "-14    "
      actual   (nonprintable as hex) : "-14    "

Test 153 (i_width_zero_fits_lj) : FAILED.
    First line of code: {return test("%-3i", 0);}
      expected return value : 3
      your return value     : 3
      expected output : "0  "
      your output     : "   "
      expected (nonprintable as hex) : "0  "
      actual   (nonprintable as hex) : "   "

Test 159 (i_prec_fits_neg) : FAILED.
    First line of code: {return test("%.6i", -3);}
      expected return value : 7
      your return value     : 5
      expected output : "-000003"
      your output     : "-000003"
      expected (nonprintable as hex) : "-000003"
      actual   (nonprintable as hex) : "-000003"

Test 166 (i_zp_neg_fits) : FAILED.
    First line of code: {return test("%07i", -54);}
      expected return value : 7
      your return value     : 6
      expected output : "-000054"
      your output     : "-0000054"
      expected (nonprintable as hex) : "-000054"
      actual   (nonprintable as hex) : "-0000054"

Test 169 (i_zp_neg_exactfit) : FAILED.
    First line of code: {return test("%04i", -532);}
      expected return value : 4
      your return value     : 3
      expected output : "-532"
      your output     : "-0532"
      expected (nonprintable as hex) : "-532"
      actual   (nonprintable as hex) : "-0532"

Test 171 (i_prec_width_fit_fit_pos) : FAILED.
    First line of code: {return test("%8.5i", 34);}
      expected return value : 8
      your return value     : 5
      expected output : "   00034"
      your output     : "   00034"
      expected (nonprintable as hex) : "   00034"
      actual   (nonprintable as hex) : "   00034"

Test 172 (i_prec_width_fit_fit_neg) : FAILED.
    First line of code: {return test("%10.5i", -216);}
      expected return value : 11
      your return value     : 4
      expected output : "    -00216"
      your output     : "     -00216"
      expected (nonprintable as hex) : "    -00216"
      actual   (nonprintable as hex) : "     -00216"

Test 173 (i_prec_width_fit_fit_zero) : FAILED.
    First line of code: {return test("%8.5i", 0);}
      expected return value : 8
      your return value     : 5
      expected output : "   00000"
      your output     : "   00000"
      expected (nonprintable as hex) : "   00000"
      actual   (nonprintable as hex) : "   00000"

Test 177 (i_prec_width_fit_nofit_neg) : FAILED.
    First line of code: {return test("%3.7i", -2375);}
      expected return value : 8
      your return value     : 6
      expected output : "-0002375"
      your output     : "-0002375"
      expected (nonprintable as hex) : "-0002375"
      actual   (nonprintable as hex) : "-0002375"

Test 180 (i_prec_width_fit_fit_pos_lj) : FAILED.
    First line of code: {return test("%-8.5i", 34);}
      expected return value : 8
      your return value     : 3
      expected output : "00034   "
      your output     : "00034   "
      expected (nonprintable as hex) : "00034   "
      actual   (nonprintable as hex) : "00034   "

Test 181 (i_prec_width_fit_fit_neg_lj) : FAILED.
    First line of code: {return test("%-10.5i", -216);}
      expected return value : 11
      your return value     : 5
      expected output : "-00216    "
      your output     : "-00216     "
      expected (nonprintable as hex) : "-00216    "
      actual   (nonprintable as hex) : "-00216     "

Test 182 (i_prec_width_fit_fit_zero_lj) : FAILED.
    First line of code: {return test("%-8.5i", 0);}
      expected return value : 8
      your return value     : 3
      expected output : "00000   "
      your output     : "00000   "
      expected (nonprintable as hex) : "00000   "
      actual   (nonprintable as hex) : "00000   "

Test 183 (i_prec_width_nofit_fit_pos_lj) : FAILED.
    First line of code: {return test("%-8.3i", 8375);}
      expected return value : 8
      your return value     : 4
      expected output : "8375    "
      your output     : "8375    "
      expected (nonprintable as hex) : "8375    "
      actual   (nonprintable as hex) : "8375    "

Test 184 (i_prec_width_nofit_fit_neg_lj) : FAILED.
    First line of code: {return test("%-8.3i", -8473);}
      expected return value : 8
      your return value     : 3
      expected output : "-8473   "
      your output     : "-8473   "
      expected (nonprintable as hex) : "-8473   "
      actual   (nonprintable as hex) : "-8473   "

Test 186 (i_prec_width_fit_nofit_neg_lj) : FAILED.
    First line of code: {return test("%-3.7i", -2375);}
      expected return value : 8
      your return value     : 6
      expected output : "-0002375"
      your output     : "-0002375"
      expected (nonprintable as hex) : "-0002375"
      actual   (nonprintable as hex) : "-0002375"

Test 189 (i_prec_width_ff_pos_zp) : FAILED.
    First line of code: {return test("%08.5i", 34);}
      expected return value : 8
      your return value     : 5
      expected output : "   00034"
      your output     : "   00034"
      expected (nonprintable as hex) : "   00034"
      actual   (nonprintable as hex) : "   00034"

Test 190 (i_prec_width_ff_neg_zp) : FAILED.
    First line of code: {return test("%010.5i", -216);}
      expected return value : 11
      your return value     : 4
      expected output : "    -00216"
      your output     : "     -00216"
      expected (nonprintable as hex) : "    -00216"
      actual   (nonprintable as hex) : "     -00216"

Test 191 (i_prec_width_ff_zero_zp) : FAILED.
    First line of code: {return test("%08.5i", 0);}
      expected return value : 8
      your return value     : 5
      expected output : "   00000"
      your output     : "   00000"
      expected (nonprintable as hex) : "   00000"
      actual   (nonprintable as hex) : "   00000"

Test 195 (i_prec_width_fn_neg_zp) : FAILED.
    First line of code: {return test("%03.7i", -2375);}
      expected return value : 8
      your return value     : 6
      expected output : "-0002375"
      your output     : "-0002375"
      expected (nonprintable as hex) : "-0002375"
      actual   (nonprintable as hex) : "-0002375"

Test 198 (i_prec_width_ff_pos_lj_zp_ignoreflag) : FAILED.
    First line of code: {return test("%0-8.5i", 34);}
      expected return value : 8
      your return value     : 3
      expected output : "00034   "
      your output     : "00034   "
      expected (nonprintable as hex) : "00034   "
      actual   (nonprintable as hex) : "00034   "

Test 199 (i_prec_width_ff_neg_ljzp_ignoreflag) : FAILED.
    First line of code: {return test("%0-10.5i", -216);}
      expected return value : 11
      your return value     : 5
      expected output : "-00216    "
      your output     : "-00216     "
      expected (nonprintable as hex) : "-00216    "
      actual   (nonprintable as hex) : "-00216     "

Test 200 (i_prec_width_ff_zero_ljzp_ignoreflag) : FAILED.
    First line of code: {return test("%0-8.5i", 0);}
      expected return value : 8
      your return value     : 3
      expected output : "00000   "
      your output     : "00000   "
      expected (nonprintable as hex) : "00000   "
      actual   (nonprintable as hex) : "00000   "

Test 201 (i_prec_width_nf_pos_ljzp_ignoreflag) : FAILED.
    First line of code: {return test("%0-8.3i", 8375);}
      expected return value : 8
      your return value     : 4
      expected output : "8375    "
      your output     : "8375    "
      expected (nonprintable as hex) : "8375    "
      actual   (nonprintable as hex) : "8375    "

Test 202 (i_prec_width_nf_neg_ljzp_ignoreflag) : FAILED.
    First line of code: {return test("%0-8.3i", -8473);}
      expected return value : 8
      your return value     : 3
      expected output : "-8473   "
      your output     : "-8473   "
      expected (nonprintable as hex) : "-8473   "
      actual   (nonprintable as hex) : "-8473   "

Test 204 (i_prec_width_fn_neg_ljzp_ignoreflag) : FAILED.
    First line of code: {return test("%0-3.7i", -2375);}
      expected return value : 8
      your return value     : 6
      expected output : "-0002375"
      your output     : "-0002375"
      expected (nonprintable as hex) : "-0002375"
      actual   (nonprintable as hex) : "-0002375"

Test 210 (i_prec0val0_w) : FAILED.
    First line of code: {return test("%5.0i", 0);}
      expected return value : 5
      your return value     : 0
      expected output : "     "
      your output     : "     "
      expected (nonprintable as hex) : "     "
      actual   (nonprintable as hex) : "     "

Test 211 (i_prec0val0_w_impl) : FAILED.
    First line of code: {return test("%5.i", 0);}
      expected return value : 5
      your return value     : 0
      expected output : "     "
      your output     : "     "
      expected (nonprintable as hex) : "     "
      actual   (nonprintable as hex) : "     "

Test 216 (d_basic_i_zero) : FAILED.
    First line of code: {return test("this %d number", 0);}
      expected return value : 14
      your return value     : 13
      expected output : "this 0 number"
      your output     : "this  number"
      expected (nonprintable as hex) : "this 0 number"
      actual   (nonprintable as hex) : "this  number"

Test 219 (d_basic_i_onlyzero) : FAILED.
    First line of code: {return test("%d", 0);}
      expected return value : 1
      your return value     : 0
      expected output : "0"
      your output     : ""
      expected (nonprintable as hex) : "0"
      actual   (nonprintable as hex) : ""

Test 224 (d_width_zero_fits) : FAILED.
    First line of code: {return test("%3d", 0);}
      expected return value : 3
      your return value     : 3
      expected output : "  0"
      your output     : "   "
      expected (nonprintable as hex) : "  0"
      actual   (nonprintable as hex) : "   "

Test 229 (d_width_pos_fits_lj) : FAILED.
    First line of code: {return test("%-7d", 33);}
      expected return value : 7
      your return value     : 5
      expected output : "33     "
      your output     : "33     "
      expected (nonprintable as hex) : "33     "
      actual   (nonprintable as hex) : "33     "

Test 230 (d_width_neg_fits_lj) : FAILED.
    First line of code: {return test("%-7d", -14);}
      expected return value : 7
      your return value     : 4
      expected output : "-14    "
      your output     : "-14    "
      expected (nonprintable as hex) : "-14    "
      actual   (nonprintable as hex) : "-14    "

Test 231 (d_width_zero_fits_lj) : FAILED.
    First line of code: {return test("%-3d", 0);}
      expected return value : 3
      your return value     : 3
      expected output : "0  "
      your output     : "   "
      expected (nonprintable as hex) : "0  "
      actual   (nonprintable as hex) : "   "

Test 237 (d_prec_fits_neg) : FAILED.
    First line of code: {return test("%.6d", -3);}
      expected return value : 7
      your return value     : 5
      expected output : "-000003"
      your output     : "-000003"
      expected (nonprintable as hex) : "-000003"
      actual   (nonprintable as hex) : "-000003"

Test 244 (d_zp_neg_fits) : FAILED.
    First line of code: {return test("%07d", -54);}
      expected return value : 7
      your return value     : 6
      expected output : "-000054"
      your output     : "-0000054"
      expected (nonprintable as hex) : "-000054"
      actual   (nonprintable as hex) : "-0000054"

Test 247 (d_zp_neg_exactfit) : FAILED.
    First line of code: {return test("%04d", -532);}
      expected return value : 4
      your return value     : 3
      expected output : "-532"
      your output     : "-0532"
      expected (nonprintable as hex) : "-532"
      actual   (nonprintable as hex) : "-0532"

Test 249 (d_prec_width_fit_fit_pos) : FAILED.
    First line of code: {return test("%8.5d", 34);}
      expected return value : 8
      your return value     : 5
      expected output : "   00034"
      your output     : "   00034"
      expected (nonprintable as hex) : "   00034"
      actual   (nonprintable as hex) : "   00034"

Test 250 (d_prec_width_fit_fit_neg) : FAILED.
    First line of code: {return test("%10.5d", -216);}
      expected return value : 11
      your return value     : 4
      expected output : "    -00216"
      your output     : "     -00216"
      expected (nonprintable as hex) : "    -00216"
      actual   (nonprintable as hex) : "     -00216"

Test 251 (d_prec_width_fit_fit_zero) : FAILED.
    First line of code: {return test("%8.5d", 0);}
      expected return value : 8
      your return value     : 5
      expected output : "   00000"
      your output     : "   00000"
      expected (nonprintable as hex) : "   00000"
      actual   (nonprintable as hex) : "   00000"

Test 255 (d_prec_width_fit_nofit_neg) : FAILED.
    First line of code: {return test("%3.7d", -2375);}
      expected return value : 8
      your return value     : 6
      expected output : "-0002375"
      your output     : "-0002375"
      expected (nonprintable as hex) : "-0002375"
      actual   (nonprintable as hex) : "-0002375"

Test 258 (d_prec_width_fit_fit_pos_lj) : FAILED.
    First line of code: {return test("%-8.5d", 34);}
      expected return value : 8
      your return value     : 3
      expected output : "00034   "
      your output     : "00034   "
      expected (nonprintable as hex) : "00034   "
      actual   (nonprintable as hex) : "00034   "

Test 259 (d_prec_width_fit_fit_neg_lj) : FAILED.
    First line of code: {return test("%-10.5d", -216);}
      expected return value : 11
      your return value     : 5
      expected output : "-00216    "
      your output     : "-00216     "
      expected (nonprintable as hex) : "-00216    "
      actual   (nonprintable as hex) : "-00216     "

Test 260 (d_prec_width_fit_fit_zero_lj) : FAILED.
    First line of code: {return test("%-8.5d", 0);}
      expected return value : 8
      your return value     : 3
      expected output : "00000   "
      your output     : "00000   "
      expected (nonprintable as hex) : "00000   "
      actual   (nonprintable as hex) : "00000   "

Test 261 (d_prec_width_nofit_fit_pos_lj) : FAILED.
    First line of code: {return test("%-8.3d", 8375);}
      expected return value : 8
      your return value     : 4
      expected output : "8375    "
      your output     : "8375    "
      expected (nonprintable as hex) : "8375    "
      actual   (nonprintable as hex) : "8375    "

Test 262 (d_prec_width_nofit_fit_neg_lj) : FAILED.
    First line of code: {return test("%-8.3d", -8473);}
      expected return value : 8
      your return value     : 3
      expected output : "-8473   "
      your output     : "-8473   "
      expected (nonprintable as hex) : "-8473   "
      actual   (nonprintable as hex) : "-8473   "

Test 264 (d_prec_width_fit_nofit_neg_lj) : FAILED.
    First line of code: {return test("%-3.7d", -2375);}
      expected return value : 8
      your return value     : 6
      expected output : "-0002375"
      your output     : "-0002375"
      expected (nonprintable as hex) : "-0002375"
      actual   (nonprintable as hex) : "-0002375"

Test 267 (d_prec_width_ff_pos_zp) : FAILED.
    First line of code: {return test("%08.5d", 34);}
      expected return value : 8
      your return value     : 5
      expected output : "   00034"
      your output     : "   00034"
      expected (nonprintable as hex) : "   00034"
      actual   (nonprintable as hex) : "   00034"

Test 268 (d_prec_width_ff_neg_zp) : FAILED.
    First line of code: {return test("%010.5d", -216);}
      expected return value : 11
      your return value     : 4
      expected output : "    -00216"
      your output     : "     -00216"
      expected (nonprintable as hex) : "    -00216"
      actual   (nonprintable as hex) : "     -00216"

Test 269 (d_prec_width_ff_zero_zp) : FAILED.
    First line of code: {return test("%08.5d", 0);}
      expected return value : 8
      your return value     : 5
      expected output : "   00000"
      your output     : "   00000"
      expected (nonprintable as hex) : "   00000"
      actual   (nonprintable as hex) : "   00000"

Test 273 (d_prec_width_fn_neg_zp) : FAILED.
    First line of code: {return test("%03.7d", -2375);}
      expected return value : 8
      your return value     : 6
      expected output : "-0002375"
      your output     : "-0002375"
      expected (nonprintable as hex) : "-0002375"
      actual   (nonprintable as hex) : "-0002375"

Test 276 (d_prec_width_ff_pos_lj_zp_ignoreflag) : FAILED.
    First line of code: {return test("%0-8.5d", 34);}
      expected return value : 8
      your return value     : 3
      expected output : "00034   "
      your output     : "00034   "
      expected (nonprintable as hex) : "00034   "
      actual   (nonprintable as hex) : "00034   "

Test 277 (d_prec_width_ff_neg_ljzp_ignoreflag) : FAILED.
    First line of code: {return test("%0-10.5d", -216);}
      expected return value : 11
      your return value     : 5
      expected output : "-00216    "
      your output     : "-00216     "
      expected (nonprintable as hex) : "-00216    "
      actual   (nonprintable as hex) : "-00216     "

Test 278 (d_prec_width_ff_zero_ljzp_ignoreflag) : FAILED.
    First line of code: {return test("%0-8.5d", 0);}
      expected return value : 8
      your return value     : 3
      expected output : "00000   "
      your output     : "00000   "
      expected (nonprintable as hex) : "00000   "
      actual   (nonprintable as hex) : "00000   "

Test 279 (d_prec_width_nf_pos_ljzp_ignoreflag) : FAILED.
    First line of code: {return test("%0-8.3d", 8375);}
      expected return value : 8
      your return value     : 4
      expected output : "8375    "
      your output     : "8375    "
      expected (nonprintable as hex) : "8375    "
      actual   (nonprintable as hex) : "8375    "

Test 280 (d_prec_width_nf_neg_ljzp_ignoreflag) : FAILED.
    First line of code: {return test("%0-8.3d", -8473);}
      expected return value : 8
      your return value     : 3
      expected output : "-8473   "
      your output     : "-8473   "
      expected (nonprintable as hex) : "-8473   "
      actual   (nonprintable as hex) : "-8473   "

Test 282 (d_prec_width_fn_neg_ljzp_ignoreflag) : FAILED.
    First line of code: {return test("%0-3.7d", -2375);}
      expected return value : 8
      your return value     : 6
      expected output : "-0002375"
      your output     : "-0002375"
      expected (nonprintable as hex) : "-0002375"
      actual   (nonprintable as hex) : "-0002375"

Test 287 (d_prec0val0_w) : FAILED.
    First line of code: {return test("%5.0d", 0);}
      expected return value : 5
      your return value     : 0
      expected output : "     "
      your output     : "     "
      expected (nonprintable as hex) : "     "
      actual   (nonprintable as hex) : "     "

Test 288 (d_prec0val0_w_impl) : FAILED.
    First line of code: {return test("%5.d", 0);}
      expected return value : 5
      your return value     : 0
      expected output : "     "
      your output     : "     "
      expected (nonprintable as hex) : "     "
      actual   (nonprintable as hex) : "     "

Test 292 (u_basic_u_zero) : FAILED.
    First line of code: {return test("this %u number", 0);}
      expected return value : 14
      your return value     : 13
      expected output : "this 0 number"
      your output     : "this  number"
      expected (nonprintable as hex) : "this 0 number"
      actual   (nonprintable as hex) : "this  number"

Test 295 (u_width_pos_fits) : FAILED.
    First line of code: {return test("%7u", 33);}
      expected return value : 7
      your return value     : 5
      expected output : "     33"
      your output     : "     33     "
      expected (nonprintable as hex) : "     33"
      actual   (nonprintable as hex) : "     33     "

Test 296 (u_width_zero_fits) : FAILED.
    First line of code: {return test("%3u", 0);}
      expected return value : 3
      your return value     : 3
      expected output : "  0"
      your output     : "      "
      expected (nonprintable as hex) : "  0"
      actual   (nonprintable as hex) : "      "

Test 299 (u_width_pos_fits_lj) : FAILED.
    First line of code: {return test("%-7u", 33);}
      expected return value : 7
      your return value     : 2
      expected output : "33     "
      your output     : "33"
      expected (nonprintable as hex) : "33     "
      actual   (nonprintable as hex) : "33"

Test 300 (u_width_zero_fits_lj) : FAILED.
    First line of code: {return test("%-3u", 0);}
      expected return value : 3
      your return value     : 0
      expected output : "0  "
      your output     : ""
      expected (nonprintable as hex) : "0  "
      actual   (nonprintable as hex) : ""

Test 310 (u_prec_width_fit_fit_pos) : FAILED.
    First line of code: {return test("%8.5u", 34);}
      expected return value : 8
      your return value     : 3
      expected output : "   00034"
      your output     : "   00034   "
      expected (nonprintable as hex) : "   00034"
      actual   (nonprintable as hex) : "   00034   "

Test 311 (u_prec_width_fit_fit_zero) : FAILED.
    First line of code: {return test("%8.5u", 0);}
      expected return value : 8
      your return value     : 3
      expected output : "   00000"
      your output     : "   00000   "
      expected (nonprintable as hex) : "   00000"
      actual   (nonprintable as hex) : "   00000   "

Test 312 (u_prec_width_nofit_fit_pos) : FAILED.
    First line of code: {return test("%8.3u", 8375);}
      expected return value : 8
      your return value     : 4
      expected output : "    8375"
      your output     : "    8375    "
      expected (nonprintable as hex) : "    8375"
      actual   (nonprintable as hex) : "    8375    "

Test 315 (u_prec_width_fit_fit_pos_lj) : FAILED.
    First line of code: {return test("%-8.5u", 34);}
      expected return value : 8
      your return value     : 5
      expected output : "00034   "
      your output     : "00034"
      expected (nonprintable as hex) : "00034   "
      actual   (nonprintable as hex) : "00034"

Test 316 (u_prec_width_fit_fit_zero_lj) : FAILED.
    First line of code: {return test("%-8.5u", 0);}
      expected return value : 8
      your return value     : 5
      expected output : "00000   "
      your output     : "00000"
      expected (nonprintable as hex) : "00000   "
      actual   (nonprintable as hex) : "00000"

Test 317 (u_prec_width_nofit_fit_pos_lj) : FAILED.
    First line of code: {return test("%-8.3u", 8375);}
      expected return value : 8
      your return value     : 4
      expected output : "8375    "
      your output     : "8375"
      expected (nonprintable as hex) : "8375    "
      actual   (nonprintable as hex) : "8375"

Test 320 (u_prec_width_ff_pos_zp) : FAILED.
    First line of code: {return test("%08.5u", 34);}
      expected return value : 8
      your return value     : 3
      expected output : "   00034"
      your output     : "   00034   "
      expected (nonprintable as hex) : "   00034"
      actual   (nonprintable as hex) : "   00034   "

Test 321 (u_prec_width_ff_zero_zp) : FAILED.
    First line of code: {return test("%08.5u", 0);}
      expected return value : 8
      your return value     : 3
      expected output : "   00000"
      your output     : "   00000   "
      expected (nonprintable as hex) : "   00000"
      actual   (nonprintable as hex) : "   00000   "

Test 322 (u_prec_width_nf_pos_zp) : FAILED.
    First line of code: {return test("%08.3u", 8375);}
      expected return value : 8
      your return value     : 4
      expected output : "    8375"
      your output     : "    8375    "
      expected (nonprintable as hex) : "    8375"
      actual   (nonprintable as hex) : "    8375    "

Test 325 (u_prec_width_ff_pos_ljzp_ignoreflag) : FAILED.
    First line of code: {return test("%0-8.5u", 34);}
      expected return value : 8
      your return value     : 5
      expected output : "00034   "
      your output     : "00034"
      expected (nonprintable as hex) : "00034   "
      actual   (nonprintable as hex) : "00034"

Test 326 (u_prec_width_ff_zero_ljzp_ignoreflag) : FAILED.
    First line of code: {return test("%0-8.5u", 0);}
      expected return value : 8
      your return value     : 5
      expected output : "00000   "
      your output     : "00000"
      expected (nonprintable as hex) : "00000   "
      actual   (nonprintable as hex) : "00000"

Test 327 (u_prec_width_nf_pos_ljzp_ignoreflag) : FAILED.
    First line of code: {return test("%0-8.3u", 8375);}
      expected return value : 8
      your return value     : 4
      expected output : "8375    "
      your output     : "8375"
      expected (nonprintable as hex) : "8375    "
      actual   (nonprintable as hex) : "8375"

Test 332 (u_prec0val0_w) : FAILED.
    First line of code: {return test("%5.0u", 0);}
      expected return value : 5
      your return value     : 5
      expected output : "     "
      your output     : "          "
      expected (nonprintable as hex) : "     "
      actual   (nonprintable as hex) : "          "

Test 333 (u_prec0val0_w_impl) : FAILED.
    First line of code: {return test("%5.u", 0);}
      expected return value : 5
      your return value     : 5
      expected output : "     "
      your output     : "          "
      expected (nonprintable as hex) : "     "
      actual   (nonprintable as hex) : "          "

Test 334 (u_prec0val0_wlj) : FAILED.
    First line of code: {return test("%-5.0u", 0);}
      expected return value : 5
      your return value     : 0
      expected output : "     "
      your output     : ""
      expected (nonprintable as hex) : "     "
      actual   (nonprintable as hex) : ""

Test 335 (u_prec0val0_wlj_impl) : FAILED.
    First line of code: {return test("%-5.u", 0);}
      expected return value : 5
      your return value     : 0
      expected output : "     "
      your output     : ""
      expected (nonprintable as hex) : "     "
      actual   (nonprintable as hex) : ""

Test 337 (x_basic_zero) : FAILED.
    First line of code: {return test("this %x number", 0);}
      expected return value : 14
      your return value     : 13
      expected output : "this 0 number"
      your output     : "this  number"
      expected (nonprintable as hex) : "this 0 number"
      actual   (nonprintable as hex) : "this  number"

Test 341 (x_width_zero_fits) : FAILED.
    First line of code: {return test("%3x", 0);}
      expected return value : 3
      your return value     : 3
      expected output : "  0"
      your output     : "   "
      expected (nonprintable as hex) : "  0"
      actual   (nonprintable as hex) : "   "

Test 344 (x_width_pos_fits_lj) : FAILED.
    First line of code: {return test("%-7x", 33);}
      expected return value : 7
      your return value     : 7
      expected output : "21     "
      your output     : "     21"
      expected (nonprintable as hex) : "21     "
      actual   (nonprintable as hex) : "     21"

Test 345 (x_width_zero_fits_lj) : FAILED.
    First line of code: {return test("%-3x", 0);}
      expected return value : 3
      your return value     : 3
      expected output : "0  "
      your output     : "   "
      expected (nonprintable as hex) : "0  "
      actual   (nonprintable as hex) : "   "

Test 346 (x_width_pos_exactfit_lj) : FAILED.
    First line of code: {return test("%-5x", 52625);}
      expected return value : 5
      your return value     : 5
      expected output : "cd91 "
      your output     : " cd91"
      expected (nonprintable as hex) : "cd91 "
      actual   (nonprintable as hex) : " cd91"

Test 355 (x_prec_width_fit_fit_pos) : FAILED.
    First line of code: {return test("%8.5x", 34);}
      expected return value : 8
      your return value     : 5
      expected output : "   00022"
      your output     : "   00022"
      expected (nonprintable as hex) : "   00022"
      actual   (nonprintable as hex) : "   00022"

Test 356 (x_prec_width_fit_fit_zero) : FAILED.
    First line of code: {return test("%8.5x", 0);}
      expected return value : 8
      your return value     : 5
      expected output : "   00000"
      your output     : "   00000"
      expected (nonprintable as hex) : "   00000"
      actual   (nonprintable as hex) : "   00000"

Test 360 (x_prec_width_fit_fit_pos_lj) : FAILED.
    First line of code: {return test("%-8.5x", 34);}
      expected return value : 8
      your return value     : 5
      expected output : "00022   "
      your output     : "   00022"
      expected (nonprintable as hex) : "00022   "
      actual   (nonprintable as hex) : "   00022"

Test 361 (x_prec_width_fit_fit_zero_lj) : FAILED.
    First line of code: {return test("%-8.5x", 0);}
      expected return value : 8
      your return value     : 5
      expected output : "00000   "
      your output     : "   00000"
      expected (nonprintable as hex) : "00000   "
      actual   (nonprintable as hex) : "   00000"

Test 362 (x_prec_width_nofit_fit_pos_lj) : FAILED.
    First line of code: {return test("%-8.3x", 8375);}
      expected return value : 8
      your return value     : 8
      expected output : "20b7    "
      your output     : "    20b7"
      expected (nonprintable as hex) : "20b7    "
      actual   (nonprintable as hex) : "    20b7"

Test 365 (x_prec_width_ff_pos_zp) : FAILED.
    First line of code: {return test("%08.5x", 34);}
      expected return value : 8
      your return value     : 5
      expected output : "   00022"
      your output     : "   00022"
      expected (nonprintable as hex) : "   00022"
      actual   (nonprintable as hex) : "   00022"

Test 366 (x_prec_width_ff_zero_zp) : FAILED.
    First line of code: {return test("%08.5x", 0);}
      expected return value : 8
      your return value     : 5
      expected output : "   00000"
      your output     : "   00000"
      expected (nonprintable as hex) : "   00000"
      actual   (nonprintable as hex) : "   00000"

Test 370 (x_prec_width_ff_pos_ljzp_ignoreflag) : FAILED.
    First line of code: {return test("%0-8.5x", 34);}
      expected return value : 8
      your return value     : 5
      expected output : "00022   "
      your output     : "   00022"
      expected (nonprintable as hex) : "00022   "
      actual   (nonprintable as hex) : "   00022"

Test 371 (x_prec_width_ff_zero_ljzp_ignoreflag) : FAILED.
    First line of code: {return test("%0-8.5x", 0);}
      expected return value : 8
      your return value     : 5
      expected output : "00000   "
      your output     : "   00000"
      expected (nonprintable as hex) : "00000   "
      actual   (nonprintable as hex) : "   00000"

Test 372 (x_prec_width_nf_pos_ljzp_ignoreflag) : FAILED.
    First line of code: {return test("%0-8.3x", 8375);}
      expected return value : 8
      your return value     : 8
      expected output : "20b7    "
      your output     : "    20b7"
      expected (nonprintable as hex) : "20b7    "
      actual   (nonprintable as hex) : "    20b7"

Test 377 (x_prec0val0_w) : FAILED.
    First line of code: {return test("%5.0x", 0);}
      expected return value : 5
      your return value     : 0
      expected output : "     "
      your output     : "     "
      expected (nonprintable as hex) : "     "
      actual   (nonprintable as hex) : "     "

Test 378 (x_prec0val0_w_impl) : FAILED.
    First line of code: {return test("%5.x", 0);}
      expected return value : 5
      your return value     : 0
      expected output : "     "
      your output     : "     "
      expected (nonprintable as hex) : "     "
      actual   (nonprintable as hex) : "     "

Test 379 (x_prec0val0_wlj) : FAILED.
    First line of code: {return test("%-5.0x", 0);}
      expected return value : 5
      your return value     : 0
      expected output : "     "
      your output     : "     "
      expected (nonprintable as hex) : "     "
      actual   (nonprintable as hex) : "     "

Test 380 (x_prec0val0_wlj_impl) : FAILED.
    First line of code: {return test("%-5.x", 0);}
      expected return value : 5
      your return value     : 0
      expected output : "     "
      your output     : "     "
      expected (nonprintable as hex) : "     "
      actual   (nonprintable as hex) : "     "

Test 382 (X_basic_hexu_zero) : FAILED.
    First line of code: {return test("this %X number", 0);}
      expected return value : 14
      your return value     : 13
      expected output : "this 0 number"
      your output     : "this  number"
      expected (nonprintable as hex) : "this 0 number"
      actual   (nonprintable as hex) : "this  number"

Test 386 (X_width_zero_fits) : FAILED.
    First line of code: {return test("%3X", 0);}
      expected return value : 3
      your return value     : 3
      expected output : "  0"
      your output     : "   "
      expected (nonprintable as hex) : "  0"
      actual   (nonprintable as hex) : "   "

Test 389 (X_width_pos_fits_lj) : FAILED.
    First line of code: {return test("%-7X", 33);}
      expected return value : 7
      your return value     : 7
      expected output : "21     "
      your output     : "     21"
      expected (nonprintable as hex) : "21     "
      actual   (nonprintable as hex) : "     21"

Test 390 (X_width_zero_fits_lj) : FAILED.
    First line of code: {return test("%-3X", 0);}
      expected return value : 3
      your return value     : 3
      expected output : "0  "
      your output     : "   "
      expected (nonprintable as hex) : "0  "
      actual   (nonprintable as hex) : "   "

Test 391 (X_width_pos_exactfit_lj) : FAILED.
    First line of code: {return test("%-5X", 52625);}
      expected return value : 5
      your return value     : 5
      expected output : "CD91 "
      your output     : " CD91"
      expected (nonprintable as hex) : "CD91 "
      actual   (nonprintable as hex) : " CD91"

Test 400 (X_prec_width_fit_fit_pos) : FAILED.
    First line of code: {return test("%8.5X", 34);}
      expected return value : 8
      your return value     : 5
      expected output : "   00022"
      your output     : "   00022"
      expected (nonprintable as hex) : "   00022"
      actual   (nonprintable as hex) : "   00022"

Test 401 (X_prec_width_fit_fit_zero) : FAILED.
    First line of code: {return test("%8.5X", 0);}
      expected return value : 8
      your return value     : 5
      expected output : "   00000"
      your output     : "   00000"
      expected (nonprintable as hex) : "   00000"
      actual   (nonprintable as hex) : "   00000"

Test 405 (X_prec_width_fit_fit_pos_lj) : FAILED.
    First line of code: {return test("%-8.5X", 34);}
      expected return value : 8
      your return value     : 5
      expected output : "00022   "
      your output     : "   00022"
      expected (nonprintable as hex) : "00022   "
      actual   (nonprintable as hex) : "   00022"

Test 406 (X_prec_width_fit_fit_zero_lj) : FAILED.
    First line of code: {return test("%-8.5X", 0);}
      expected return value : 8
      your return value     : 5
      expected output : "00000   "
      your output     : "   00000"
      expected (nonprintable as hex) : "00000   "
      actual   (nonprintable as hex) : "   00000"

Test 407 (X_prec_width_nofit_fit_pos_lj) : FAILED.
    First line of code: {return test("%-8.3X", 8375);}
      expected return value : 8
      your return value     : 8
      expected output : "20B7    "
      your output     : "    20B7"
      expected (nonprintable as hex) : "20B7    "
      actual   (nonprintable as hex) : "    20B7"

Test 410 (X_prec_width_ff_pos_zp) : FAILED.
    First line of code: {return test("%08.5X", 34);}
      expected return value : 8
      your return value     : 5
      expected output : "   00022"
      your output     : "   00022"
      expected (nonprintable as hex) : "   00022"
      actual   (nonprintable as hex) : "   00022"

Test 411 (X_prec_width_ff_zero_zp) : FAILED.
    First line of code: {return test("%08.5X", 0);}
      expected return value : 8
      your return value     : 5
      expected output : "   00000"
      your output     : "   00000"
      expected (nonprintable as hex) : "   00000"
      actual   (nonprintable as hex) : "   00000"

Test 415 (X_prec_width_ff_pos_ljzp_ignoreflag) : FAILED.
    First line of code: {return test("%0-8.5X", 34);}
      expected return value : 8
      your return value     : 5
      expected output : "00022   "
      your output     : "   00022"
      expected (nonprintable as hex) : "00022   "
      actual   (nonprintable as hex) : "   00022"

Test 416 (X_prec_width_ff_zero_ljzp_ignoreflag) : FAILED.
    First line of code: {return test("%0-8.5X", 0);}
      expected return value : 8
      your return value     : 5
      expected output : "00000   "
      your output     : "   00000"
      expected (nonprintable as hex) : "00000   "
      actual   (nonprintable as hex) : "   00000"

Test 417 (X_prec_width_nf_pos_ljzp_ignoreflag) : FAILED.
    First line of code: {return test("%0-8.3X", 8375);}
      expected return value : 8
      your return value     : 8
      expected output : "20B7    "
      your output     : "    20B7"
      expected (nonprintable as hex) : "20B7    "
      actual   (nonprintable as hex) : "    20B7"

Test 422 (X_prec0val0_w) : FAILED.
    First line of code: {return test("%5.0X", 0);}
      expected return value : 5
      your return value     : 0
      expected output : "     "
      your output     : "     "
      expected (nonprintable as hex) : "     "
      actual   (nonprintable as hex) : "     "

Test 423 (X_prec0val0_w_impl) : FAILED.
    First line of code: {return test("%5.X", 0);}
      expected return value : 5
      your return value     : 0
      expected output : "     "
      your output     : "     "
      expected (nonprintable as hex) : "     "
      actual   (nonprintable as hex) : "     "

Test 424 (X_prec0val0_wlj) : FAILED.
    First line of code: {return test("%-5.0X", 0);}
      expected return value : 5
      your return value     : 0
      expected output : "     "
      your output     : "     "
      expected (nonprintable as hex) : "     "
      actual   (nonprintable as hex) : "     "

Test 425 (X_prec0val0_wlj_impl) : FAILED.
    First line of code: {return test("%-5.X", 0);}
      expected return value : 5
      your return value     : 0
      expected output : "     "
      your output     : "     "
      expected (nonprintable as hex) : "     "
      actual   (nonprintable as hex) : "     "

Test 426 (p_null) : FAILED.
    First line of code: {return test("%p", NULL);}
    Timed out

Test 427 (p_null_width_fit) : FAILED.
    First line of code: {return test("%5p", NULL);}
      expected return value : 5
      your return value     : 3
      expected output : "  0x0"
      your output     : "   0x"
      expected (nonprintable as hex) : "  0x0"
      actual   (nonprintable as hex) : "   0x"

Test 428 (p_null_width_nofit) : FAILED.
    First line of code: {return test("%2p", NULL);}
      expected return value : 3
      your return value     : 0
      expected output : "0x0"
      your output     : "0x"
      expected (nonprintable as hex) : "0x0"
      actual   (nonprintable as hex) : "0x"

Test 429 (p_void) : FAILED.
    First line of code: {return test("%.p", NULL);}
    Timed out

Test 430 (p_void_width_fit) : FAILED.
    First line of code: {return test("%5.p", NULL);}
      expected return value : 5
      your return value     : 3
      expected output : "   0x"
      your output     : "   0x"
      expected (nonprintable as hex) : "   0x"
      actual   (nonprintable as hex) : "   0x"

Test 431 (p_void_width_nofit) : FAILED.
    First line of code: {return test("%2.p", NULL);}
      expected return value : 2
      your return value     : 0
      expected output : "0x"
      your output     : "0x"
      expected (nonprintable as hex) : "0x"
      actual   (nonprintable as hex) : "0x"

Test 432 (p_ftfc_literal_9w_prec2_undefbehav) : FAILED.
    First line of code: {return test("%9.2p
", 1234);}
      expected return value : 11
      your return value     : 8
      expected output : "    0x4d2
"
      your output     : "    0x4d2
"
      expected (nonprintable as hex) : "    0x4d2\x0a"
      actual   (nonprintable as hex) : "    0x4d2\x0a"

Test 433 (p_ftfc_literal_2w_prec9_undefbehav) : FAILED.
    First line of code: {return test("%2.9p
", 1234);}
    Timed out

Test 434 (p_ftfc_zero_prec5_undefbehav) : FAILED.
    First line of code: {return test("%.5p", 0);}
    Timed out

Test 435 (p_ftfc_zero_prec0_undefbehav) : FAILED.
    First line of code: {return test("%.0p", 0);}
    Timed out

Test 436 (p_ftfc_5w_throwswarning) : FAILED.
    First line of code: {return test("%5p", 0);}
      expected return value : 5
      your return value     : 3
      expected output : "  0x0"
      your output     : "   0x"
      expected (nonprintable as hex) : "  0x0"
      actual   (nonprintable as hex) : "   0x"

Test 437 (p_basic) : FAILED.
    First line of code: {return test("%p%p%p%p%p%p%p%p%p%p%p%p",&a01,&a02,&a03,&a04,&a05,&a06,&a07,&a08,&a09,&a10,&a11,&a12);}
    Timed out

Test 438 (p_width_fit) : FAILED.
    First line of code: {return test("%70p%70p%70p%70p%70p%70p%70p%70p%70p%70p%70p%70p",&a01,&a02,&a03,&a04,&a05,&a06,&a07,&a08,&a09,&a10,&a11,&a12);      expected return value : 1012
      your return value     : 985
      expected output : "                                                           0x10a96e1b8                                                           0x10a96e1b9          "
      your output     : "                                                           0x10a96e1b8                                                           0x10a96e1b9          "
      expected (nonprintable as hex) : "                                                           0x10a96e1b8                                                           0x10a96e1b9          "
      actual   (nonprintable as hex) : "                                                           0x10a96e1b8                                                           0x10a96e1b9          "

Test 439 (p_width_nofit) : FAILED.
    First line of code: {return test("%5p%5p%5p%5p%5p%5p%5p%5p%5p%5p%5p%5p",&a01,&a02,&a03,&a04,&a05,&a06,&a07,&a08,&a09,&a10,&a11,&a12);}
    Timed out

Test 440 (p_width_16) : FAILED.
    First line of code: {return test("%16p%16p%16p%16p%16p%16p%16p%16p%16p%16p%16p%16p",&a01,&a02,&a03,&a04,&a05,&a06,&a07,&a08,&a09,&a10,&a11,&a12);      expected return value : 222
      your return value     : 195
      expected output : "     0x10a96e1b8     0x10a96e1b9     0x10a96e1ba     0x10a96e1bc     0x10a96e1c0     0x10a96e1c4     0x10a96e1c8     0x10a96e1d0     0x10a96e1d8     0"
      your output     : "     0x10a96e1b8     0x10a96e1b9     0x10a96e1ba     0x10a96e1bc     0x10a96e1c0     0x10a96e1c4     0x10a96e1c8     0x10a96e1d0     0x10a96e1d8     0"
      expected (nonprintable as hex) : "     0x10a96e1b8     0x10a96e1b9     0x10a96e1ba     0x10a96e1bc     0x10a96e1c0     0x10a96e1c4     0x10a96e1c8     0x10a96e1d0     0x10a96e1d8     0"
      actual   (nonprintable as hex) : "     0x10a96e1b8     0x10a96e1b9     0x10a96e1ba     0x10a96e1bc     0x10a96e1c0     0x10a96e1c4     0x10a96e1c8     0x10a96e1d0     0x10a96e1d8     0"

Test 441 (p_width_8) : FAILED.
    First line of code: {return test("%8p%8p%8p%8p%8p%8p%8p%8p%8p%8p%8p%8p",&a01,&a02,&a03,&a04,&a05,&a06,&a07,&a08,&a09,&a10,&a11,&a12);}
    Timed out

Test 442 (p_width_32) : FAILED.
    First line of code: {return test("%32p%32p%32p%32p%32p%32p%32p%32p%32p%32p%32p%32p",&a01,&a02,&a03,&a04,&a05,&a06,&a07,&a08,&a09,&a10,&a11,&a12);      expected return value : 455
      your return value     : 429
      expected output : "                     0x10a96e1b8                     0x10a96e1b9                     0x10a96e1ba                     0x10a96e1bc                     0"
      your output     : "                     0x10a96e1b8                     0x10a96e1b9                     0x10a96e1ba                     0x10a96e1bc                     0"
      expected (nonprintable as hex) : "                     0x10a96e1b8                     0x10a96e1b9                     0x10a96e1ba                     0x10a96e1bc                     0"
      actual   (nonprintable as hex) : "                     0x10a96e1b8                     0x10a96e1b9                     0x10a96e1ba                     0x10a96e1bc                     0"

Test 443 (p_width_fit_lj) : FAILED.
    First line of code: {return test("%-70p%-70p%-70p%-70p%-70p%-70p%-70p%-70p%-70p%-70p%-70p%-70p",&a01,&a02,&a03,&a04,&a05,&a06,&a07,&a08,&a09,&a10      expected return value : 1012
      your return value     : 985
      expected output : "0x10a96e1b8                                                           0x10a96e1b9                                                           0x10a96e1b"
      your output     : "0x10a96e1b8                                                           0x10a96e1b9                                                           0x10a96e1b"
      expected (nonprintable as hex) : "0x10a96e1b8                                                           0x10a96e1b9                                                           0x10a96e1b"
      actual   (nonprintable as hex) : "0x10a96e1b8                                                           0x10a96e1b9                                                           0x10a96e1b"

Test 444 (p_width_nofit_lj) : FAILED.
    First line of code: {return test("%-5p%-5p%-5p%-5p%-5p%-5p%-5p%-5p%-5p%-5p%-5p%-5p",&a01,&a02,&a03,&a04,&a05,&a06,&a07,&a08,&a09,&a10,&a11,&a12);    Timed out

Test 445 (p_width_16_lj) : FAILED.
    First line of code: {return test("%-16p%-16p%-16p%-16p%-16p%-16p%-16p%-16p%-16p%-16p%-16p%-16p",&a01,&a02,&a03,&a04,&a05,&a06,&a07,&a08,&a09,&a10      expected return value : 222
      your return value     : 195
      expected output : "0x10a96e1b8     0x10a96e1b9     0x10a96e1ba     0x10a96e1bc     0x10a96e1c0     0x10a96e1c4     0x10a96e1c8     0x10a96e1d0     0x10a96e1d8     0x10a9"
      your output     : "0x10a96e1b8     0x10a96e1b9     0x10a96e1ba     0x10a96e1bc     0x10a96e1c0     0x10a96e1c4     0x10a96e1c8     0x10a96e1d0     0x10a96e1d8     0x10a9"
      expected (nonprintable as hex) : "0x10a96e1b8     0x10a96e1b9     0x10a96e1ba     0x10a96e1bc     0x10a96e1c0     0x10a96e1c4     0x10a96e1c8     0x10a96e1d0     0x10a96e1d8     0x10a9"
      actual   (nonprintable as hex) : "0x10a96e1b8     0x10a96e1b9     0x10a96e1ba     0x10a96e1bc     0x10a96e1c0     0x10a96e1c4     0x10a96e1c8     0x10a96e1d0     0x10a96e1d8     0x10a9"

Test 446 (p_width_8_lj) : FAILED.
    First line of code: {return test("%-8p%-8p%-8p%-8p%-8p%-8p%-8p%-8p%-8p%-8p%-8p%-8p",&a01,&a02,&a03,&a04,&a05,&a06,&a07,&a08,&a09,&a10,&a11,&a12);    Timed out

Test 447 (p_width_32_lj) : FAILED.
    First line of code: {return test("%-32p%-32p%-32p%-32p%-32p%-32p%-32p%-32p%-32p%-32p%-32p%-32p",&a01,&a02,&a03,&a04,&a05,&a06,&a07,&a08,&a09,&a10      expected return value : 455
      your return value     : 429
      expected output : "0x10a96e1b8                     0x10a96e1b9                     0x10a96e1ba                     0x10a96e1bc                     0x10a96e1c0           "
      your output     : "0x10a96e1b8                     0x10a96e1b9                     0x10a96e1ba                     0x10a96e1bc                     0x10a96e1c0           "
      expected (nonprintable as hex) : "0x10a96e1b8                     0x10a96e1b9                     0x10a96e1ba                     0x10a96e1bc                     0x10a96e1c0           "
      actual   (nonprintable as hex) : "0x10a96e1b8                     0x10a96e1b9                     0x10a96e1ba                     0x10a96e1bc                     0x10a96e1c0           "

Test 454 (c_allprintable_width_lj) : FAILED.
    First line of code: {return test("%-2c%-3c%-4c%-1c%-2c%-3c%-4c%-1c%-2c%-3c%-4c%-1c%-2c%-3c%-4c%-1c%-2c%-3c%-4c%-1c%-2c%-3c%-4c%-1c%-2c%-3c%-4c%-1      expected return value : 286
      your return value     : 286
      expected output : "  !  "   #$ %  &   '( )  *   +, -  .   /0 1  2   34 5  6   78 9  :   ;< =  >   ?@ A  B   CD E  F   GH I  J   KL M  N   OP Q  R   ST U  V   WX Y  Z   ["
      your output     : "                                                                                                                                                "
      expected (nonprintable as hex) : "  !  "   #$ %  &   '( )  *   +, -  .   /0 1  2   34 5  6   78 9  :   ;< =  >   ?@ A  B   CD E  F   GH I  J   KL M  N   OP Q  R   ST U  V   WX Y  Z   ["
      actual   (nonprintable as hex) : "                                                                                                                                                "

Test 455 (c_1_31_width_lj) : FAILED.
    First line of code: {return test("%-2c%-3c%-4c%-1c%-2c%-3c%-4c%-1c%-2c%-3c%-4c%-1c%-2c%-3c%-4c%-1c%-2c%-3c%-4c%-1c%-2c%-3c%-4c%-1c%-2c%-3c%-4c%-1      expected return value : 86
      your return value     : 86
      expected output : "            	 
                                   "
      your output     : "                                                "
      expected (nonprintable as hex) : "\x01 \x02  \x03   \x04\x05 \x06  \x07   \x08\x09 \x0a  \x0b   \x0c\x0d \x0e  \x0f   \x10\x11 \x12  \x13   \x14\x15 \x16  \x17   \x18\x19 \x1a  \x1b   \x1c\x1d \x1e  \x1f   "
      actual   (nonprintable as hex) : "                                                "

Test 456 (c_128_255_width_lj) : FAILED.
    First line of code: {return test("%-1c%-2c%-3c%-4c%-1c%-2c%-3c%-4c%-1c%-2c%-3c%-4c%-1c%-2c%-3c%-4c%-1c%-2c%-3c%-4c%-1c%-2c%-3c%-4c%-1c%-2c%-3c%-4      expected return value : 385
      your return value     : 385
      expected output : "                                                                                          "
      your output     : "                                                                                                                                                      "
      expected (nonprintable as hex) : "\x80\x81 \x82  \x83   \x84\x85 \x86  \x87   \x88\x89 \x8a  \x8b   \x8c\x8d \x8e  \x8f   \x90\x91 \x92  \x93   \x94\x95 \x96  \x97   \x98\x99 \x9a  \x9b   \x9c\x9d \x9e  \x9f   \xa0\xa1 \xa2  \xa3   \xa4\xa5 \xa6  \xa7   \xa8\xa9 \xaa  \xab   \xac\xad \xae  \xaf   \xb0\xb1 \xb2  \xb3   \xb4\xb5 \xb6  \xb7   \xb8\xb9 \xba  \xbb   "
      actual   (nonprintable as hex) : "                                                                                                                                                      "

Test 459 (c_nullterm_5wlj) : FAILED.
    First line of code: {return test("%-5c", '
      expected return value : 5
      your return value     : 5
      expected output : "     "
      your output     : "    "
      expected (nonprintable as hex) : "\x00    "
      actual   (nonprintable as hex) : "    "

Test 465 (mix_successive_20) : FAILED.
    First line of code: {return ( test("%p", &mx_i) + test("%s", mx_s));}
    Timed out

Test 477 (mix_successive_61) : FAILED.
    First line of code: {return ( test("%p", &mx_i) + test("%c", mx_c));}
    Timed out

Test 492 (nocrash_noarg_16_notmandatory) : FAILED.
    (nocrash test: automatically passes provided no unexpected failure)
    First line of code: {return test("%p"); }
    Timed out

Test 513 (nocrash_nullarg_16) : FAILED.
    (nocrash test: automatically passes provided no unexpected failure)
    First line of code: {return test("%p", NULL); }
    Timed out

Test 558 (nocrash_mandatory_p_prec_1) : FAILED.
    (nocrash test: automatically passes provided no unexpected failure)
    First line of code: {return test("%.4p", &ncm_p);}
    Timed out

Test 559 (nocrash_mandatory_p_prec_2) : FAILED.
    (nocrash test: automatically passes provided no unexpected failure)
    First line of code: {return test("%.p", &ncm_p);}
    Timed out

Test 561 (nocrash_mandatory_p_zp_1) : FAILED.
    (nocrash test: automatically passes provided no unexpected failure)
    First line of code: {return test("%05p", &ncm_p);}
    Timed out

Test 562 (nocrash_mandatory_p_zp_2) : FAILED.
    (nocrash test: automatically passes provided no unexpected failure)
    First line of code: {return test("%0p", &ncm_p);}
    Timed out

Test 563 (nocrash_mandatory_p_sp_1) : FAILED.
    (nocrash test: automatically passes provided no unexpected failure)
    First line of code: {return test("% p", &ncm_p);}
    Timed out

Test 564 (nocrash_mandatory_p_sp_2) : FAILED.
    (nocrash test: automatically passes provided no unexpected failure)
    First line of code: {return test("% p", &ncm_p);}
    Timed out

Test 570 (nocrash_mandatory_p_lj_nowidth) : FAILED.
    (nocrash test: automatically passes provided no unexpected failure)
    First line of code: {return test("%-p", &ncm_p);}
    Timed out

Test 627 (moul_s_4) : FAILED.
    First line of code: {char *str = NULL; return test("%s!", str);}
      expected return value : 7
      your return value     : 0
      expected output : "(null)!"
      your output     : "(null)!"
      expected (nonprintable as hex) : "(null)!"
      actual   (nonprintable as hex) : "(null)!"

Test 632 (moul_d_4) : FAILED.
    First line of code: {return test("%d", -0);}
      expected return value : 1
      your return value     : 0
      expected output : "0"
      your output     : ""
      expected (nonprintable as hex) : "0"
      actual   (nonprintable as hex) : ""

Test 633 (moul_d_5) : FAILED.
    First line of code: {return test("%d", 0);}
      expected return value : 1
      your return value     : 0
      expected output : "0"
      your output     : ""
      expected (nonprintable as hex) : "0"
      actual   (nonprintable as hex) : ""

Test 638 (moul_d_10) : FAILED.
    First line of code: {return test("%%d 0000042 == |%d|
", 0000042);}
    Timed out

Test 639 (moul_d_11) : FAILED.
    First line of code: {return test("%%d 	 == |%d|
", '	');}
    Timed out

Test 640 (moul_d_12) : FAILED.
    First line of code: {return test("%%d Lydie == |%d|
", 'L'+'y'+'d'+'i'+'e');}
    Timed out

Test 641 (moul_mix_1) : FAILED.
    First line of code: {int r00 = 0; return test("Lalalala, %d%% des gens qui parlent  Ly adorent %s. Ou Presque. %p", 100, "Ly", &r00);}
    Timed out

Test 674 (moul_i_4) : FAILED.
    First line of code: {return test("%i", -0);}
      expected return value : 1
      your return value     : 0
      expected output : "0"
      your output     : ""
      expected (nonprintable as hex) : "0"
      actual   (nonprintable as hex) : ""

Test 675 (moul_i_5) : FAILED.
    First line of code: {return test("%i", 0);}
      expected return value : 1
      your return value     : 0
      expected output : "0"
      your output     : ""
      expected (nonprintable as hex) : "0"
      actual   (nonprintable as hex) : ""

Test 680 (moul_i_10) : FAILED.
    First line of code: {return test("%%i 0000042 == |%i|
", 0000042);}
    Timed out

Test 681 (moul_i_11) : FAILED.
    First line of code: {return test("%%i 	 == |%i|
", '	');}
    Timed out

Test 682 (moul_i_12) : FAILED.
    First line of code: {return test("%%i Lydie == |%i|
", 'L'+'y'+'d'+'i'+'e');}
    Timed out

Test 686 (moul_u_4) : FAILED.
    First line of code: {return test("%u", -0);}
      expected return value : 1
      your return value     : 0
      expected output : "0"
      your output     : ""
      expected (nonprintable as hex) : "0"
      actual   (nonprintable as hex) : ""

Test 687 (moul_u_5) : FAILED.
    First line of code: {return test("%u", 0);}
      expected return value : 1
      your return value     : 0
      expected output : "0"
      your output     : ""
      expected (nonprintable as hex) : "0"
      actual   (nonprintable as hex) : ""

Test 692 (moul_u_10) : FAILED.
    First line of code: {return test("%%u 0000042 == |%u|
", 0000042);}
    Timed out

Test 693 (moul_u_11) : FAILED.
    First line of code: {return test("%%u 	 == |%u|
", '	');}
    Timed out

Test 694 (moul_u_12) : FAILED.
    First line of code: {return test("%%u Lydie == |%u|
", 'L'+'y'+'d'+'i'+'e');}
    Timed out

Test 698 (moul_x_4) : FAILED.
    First line of code: {return test("%x", -0);}
      expected return value : 1
      your return value     : 0
      expected output : "0"
      your output     : ""
      expected (nonprintable as hex) : "0"
      actual   (nonprintable as hex) : ""

Test 699 (moul_x_5) : FAILED.
    First line of code: {return test("%x", 0);}
      expected return value : 1
      your return value     : 0
      expected output : "0"
      your output     : ""
      expected (nonprintable as hex) : "0"
      actual   (nonprintable as hex) : ""

Test 704 (moul_x_10) : FAILED.
    First line of code: {return test("%%x 0000042 == |%x|
", 0000042);}
    Timed out

Test 705 (moul_x_11) : FAILED.
    First line of code: {return test("%%x 	 == |%x|
", '	');}
    Timed out

Test 706 (moul_x_12) : FAILED.
    First line of code: {return test("%%x Lydie == |%x|
", 'L'+'y'+'d'+'i'+'e');}
    Timed out

Test 707 (moul_prec_1) : FAILED.
    First line of code: {return test("%%-5.3s LYDI == |%-5.3s|
", "LYDI");}
    Timed out

Test 708 (moul_prec_3) : FAILED.
    First line of code: {return test("%%04.5i 42 == |%04.5i|
", 42);}
    Timed out

Test 709 (moul_prec_4) : FAILED.
    First line of code: {return test("%%04.3i 42 == |%04.3i|
", 42);}
    Timed out

Test 710 (moul_prec_5) : FAILED.
    First line of code: {return test("%%04.2i 42 == |%04.2i|
", 42);}
    Timed out

Test 711 (moul_zeropad_1) : FAILED.
    First line of code: {return test("%%04i 42 == |%04i|
", 42);}
    Timed out

Test 712 (moul_zeropad_2) : FAILED.
    First line of code: {return test("%%05i 42 == |%05i|
", 42);}
    Timed out

Test 713 (moul_zeropad_3) : FAILED.
    First line of code: {return test("%%0i 42 == |%0i|
", 42);}
    Timed out

Test 714 (moul_zeropad_4) : FAILED.
    First line of code: {return test("%%0d 0000042 == |%0d|
", 0000042);}
    Timed out

Test 715 (moul_leftjusty_1) : FAILED.
    First line of code: {return test("%%-i 42 == %-i
", 42);}
    Timed out

Test 716 (moul_leftjusty_2) : FAILED.
    First line of code: {return test("%%-d 42 == %-d
", INT_MIN);}
    Timed out

Test 717 (moul_leftjusty_3) : FAILED.
    First line of code: {return test("%%-i -42 == %-i
", -42);}
    Timed out

Test 718 (moul_leftjusty_4) : FAILED.
    First line of code: {return test("%%-4d 42 == |%-4d|
", 42);}
    Timed out

Test 719 (moul_leftjusty_5) : FAILED.
    First line of code: {return test("%%-5d -42 == |%-5d|
", -42);}
    Timed out

Test 720 (moul_leftjusty_6) : FAILED.
    First line of code: {return test("|%3i|%-3i|
", 42, 42);}
      expected return value : 11
      your return value     : 8
      expected output : "| 42|42 |
"
      your output     : "| 42|42 |
"
      expected (nonprintable as hex) : "| 42|42 |\x0a"
      actual   (nonprintable as hex) : "| 42|42 |\x0a"

Test 721 (moul_leftjusty_7) : FAILED.
    First line of code: {return test("%%-4i 42 == |%-4i|
", 42);}
    Timed out

Test 722 (moul_notmandatory_star_1) : FAILED.
    First line of code: {return test("%%-*.3s LYDI == |%-*.3s|
", 5, "LYDI");}
    Timed out

Test 723 (moul_notmandatory_star_3) : FAILED.
    First line of code: {return test("%%*i 42 == |%*i|
", 5, 42);}
    Timed out

Test 724 (moul_notmandatory_star_4) : FAILED.
    First line of code: {return test("%%*i 42 == |%*i|
", 3, 42);}
    Timed out

Test 725 (moul_notmandatory_star_5) : FAILED.
    First line of code: {return test("%%*i 42 == |%*i|
", 2, 42);}
    Timed out

Test 734 (new2019_star_9) : FAILED.
    First line of code: {return test("%.*i", 6, -3);}
      expected return value : 7
      your return value     : 5
      expected output : "-000003"
      your output     : "-000003"
      expected (nonprintable as hex) : "-000003"
      actual   (nonprintable as hex) : "-000003"

Test 735 (new2019_star_10) : FAILED.
    First line of code: {return test("%0*i", 7, -54);}
      expected return value : 7
      your return value     : 6
      expected output : "-000054"
      your output     : "-0000054"
      expected (nonprintable as hex) : "-000054"
      actual   (nonprintable as hex) : "-0000054"

Test 736 (new2019_negstar_1) : FAILED.
    First line of code: {return test("%*s", -32, "abc");}
      expected return value : 35
      your return value     : 35
      expected output : "abc                             "
      your output     : "                             abc"
      expected (nonprintable as hex) : "abc                             "
      actual   (nonprintable as hex) : "                             abc"

Test 737 (new2019_negstar_2) : FAILED.
    First line of code: {return test("%-*s", -32, "abc");}
      expected return value : 35
      your return value     : 35
      expected output : "abc                             "
      your output     : "                             abc"
      expected (nonprintable as hex) : "abc                             "
      actual   (nonprintable as hex) : "                             abc"

Test 739 (new2019_negstar_4) : FAILED.
    First line of code: {return test("%.*s", -3, "hello");}
    Timed out

Test 740 (new2019_negstar_5) : FAILED.
    First line of code: {return test("%-*.*s", -7, -3, "yolo");}
    Timed out

Test 742 (new2019_negstar_7) : FAILED.
    First line of code: {return test("%*i", -14, 94827);}
      expected return value : 15
      your return value     : 15
      expected output : "94827         "
      your output     : "         94827"
      expected (nonprintable as hex) : "94827         "
      actual   (nonprintable as hex) : "         94827"

Test 744 (new2019_negstar_9) : FAILED.
    First line of code: {return test("%0*i", -7, -54);}
      expected return value : 7
      your return value     : 6
      expected output : "-54    "
      your output     : "-0000054"
      expected (nonprintable as hex) : "-54    "
      actual   (nonprintable as hex) : "-0000054"

